<?xml version="1.0" encoding="UTF-8"?>
<testsuite name="tests.AddNewCarTests" tests="2" skipped="0" failures="1" errors="0" timestamp="2021-11-24T18:49:41" hostname="MacBook-Pro-Taya.local" time="26.237">
  <properties/>
  <testcase name="addNewCarTestPositive" classname="tests.AddNewCarTests" time="9.954"/>
  <testcase name="addNewCarTestPositive2" classname="tests.AddNewCarTests" time="8.211">
    <failure message="org.openqa.selenium.ElementNotInteractableException: element not interactable&#10;  (Session info: chrome=96.0.4664.55)&#10;Build info: version: '3.141.59', revision: 'e82be7d358', time: '2018-11-14T08:17:03'&#10;System info: host: 'MacBook-Pro-Taya.local', ip: 'fe80:0:0:0:c0e:d786:7250:7b3a%en0', os.name: 'Mac OS X', os.arch: 'x86_64', os.version: '10.16', java.version: '1.8.0_151'&#10;Driver info: org.openqa.selenium.chrome.ChromeDriver&#10;Capabilities {acceptInsecureCerts: false, browserName: chrome, browserVersion: 96.0.4664.55, chrome: {chromedriverVersion: 96.0.4664.45 (76e4c1bb2ab46..., userDataDir: /var/folders/s_/hl4vhy0959g...}, goog:chromeOptions: {debuggerAddress: localhost:61420}, javascriptEnabled: true, networkConnectionEnabled: false, pageLoadStrategy: normal, platform: MAC, platformName: MAC, proxy: Proxy(), setWindowRect: true, strictFileInteractability: false, timeouts: {implicit: 0, pageLoad: 300000, script: 30000}, unhandledPromptBehavior: dismiss and notify, webauthn:extension:credBlob: true, webauthn:extension:largeBlob: true, webauthn:virtualAuthenticators: true}&#10;Session ID: 9289fa2a08b121d4ae5ef138c6dadf29" type="org.openqa.selenium.ElementNotInteractableException">org.openqa.selenium.ElementNotInteractableException: element not interactable
  (Session info: chrome=96.0.4664.55)
Build info: version: '3.141.59', revision: 'e82be7d358', time: '2018-11-14T08:17:03'
System info: host: 'MacBook-Pro-Taya.local', ip: 'fe80:0:0:0:c0e:d786:7250:7b3a%en0', os.name: 'Mac OS X', os.arch: 'x86_64', os.version: '10.16', java.version: '1.8.0_151'
Driver info: org.openqa.selenium.chrome.ChromeDriver
Capabilities {acceptInsecureCerts: false, browserName: chrome, browserVersion: 96.0.4664.55, chrome: {chromedriverVersion: 96.0.4664.45 (76e4c1bb2ab46..., userDataDir: /var/folders/s_/hl4vhy0959g...}, goog:chromeOptions: {debuggerAddress: localhost:61420}, javascriptEnabled: true, networkConnectionEnabled: false, pageLoadStrategy: normal, platform: MAC, platformName: MAC, proxy: Proxy(), setWindowRect: true, strictFileInteractability: false, timeouts: {implicit: 0, pageLoad: 300000, script: 30000}, unhandledPromptBehavior: dismiss and notify, webauthn:extension:credBlob: true, webauthn:extension:largeBlob: true, webauthn:virtualAuthenticators: true}
Session ID: 9289fa2a08b121d4ae5ef138c6dadf29
	at manager.MyListener.onException(MyListener.java:25)
	at sun.reflect.NativeMethodAccessorImpl.invoke0(Native Method)
	at sun.reflect.NativeMethodAccessorImpl.invoke(NativeMethodAccessorImpl.java:62)
	at sun.reflect.DelegatingMethodAccessorImpl.invoke(DelegatingMethodAccessorImpl.java:43)
	at java.lang.reflect.Method.invoke(Method.java:498)
	at org.openqa.selenium.support.events.EventFiringWebDriver.lambda$new$0(EventFiringWebDriver.java:84)
	at com.sun.proxy.$Proxy11.onException(Unknown Source)
	at org.openqa.selenium.support.events.EventFiringWebDriver$EventFiringWebElement.lambda$new$0(EventFiringWebDriver.java:406)
	at com.sun.proxy.$Proxy13.click(Unknown Source)
	at org.openqa.selenium.support.events.EventFiringWebDriver$EventFiringWebElement.click(EventFiringWebDriver.java:417)
	at manager.HelperBase.click(HelperBase.java:26)
	at manager.CarHelper.openCarForm(CarHelper.java:19)
	at tests.AddNewCarTests.addNewCarTestPositive2(AddNewCarTests.java:75)
	at sun.reflect.NativeMethodAccessorImpl.invoke0(Native Method)
	at sun.reflect.NativeMethodAccessorImpl.invoke(NativeMethodAccessorImpl.java:62)
	at sun.reflect.DelegatingMethodAccessorImpl.invoke(DelegatingMethodAccessorImpl.java:43)
	at java.lang.reflect.Method.invoke(Method.java:498)
	at org.testng.internal.MethodInvocationHelper.invokeMethod(MethodInvocationHelper.java:133)
	at org.testng.internal.TestInvoker.invokeMethod(TestInvoker.java:598)
	at org.testng.internal.TestInvoker.invokeTestMethod(TestInvoker.java:173)
	at org.testng.internal.MethodRunner.runInSequence(MethodRunner.java:46)
	at org.testng.internal.TestInvoker$MethodInvocationAgent.invoke(TestInvoker.java:824)
	at org.testng.internal.TestInvoker.invokeTestMethods(TestInvoker.java:146)
	at org.testng.internal.TestMethodWorker.invokeTestMethods(TestMethodWorker.java:146)
	at org.testng.internal.TestMethodWorker.run(TestMethodWorker.java:128)
	at java.util.ArrayList.forEach(ArrayList.java:1255)
	at org.testng.TestRunner.privateRun(TestRunner.java:794)
	at org.testng.TestRunner.run(TestRunner.java:596)
	at org.testng.SuiteRunner.runTest(SuiteRunner.java:377)
	at org.testng.SuiteRunner.runSequentially(SuiteRunner.java:371)
	at org.testng.SuiteRunner.privateRun(SuiteRunner.java:332)
	at org.testng.SuiteRunner.run(SuiteRunner.java:276)
	at org.testng.SuiteRunnerWorker.runSuite(SuiteRunnerWorker.java:53)
	at org.testng.SuiteRunnerWorker.run(SuiteRunnerWorker.java:96)
	at org.testng.TestNG.runSuitesSequentially(TestNG.java:1212)
	at org.testng.TestNG.runSuitesLocally(TestNG.java:1134)
	at org.testng.TestNG.runSuites(TestNG.java:1063)
	at org.testng.TestNG.run(TestNG.java:1031)
	at org.gradle.api.internal.tasks.testing.testng.TestNGTestClassProcessor.runTests(TestNGTestClassProcessor.java:141)
	at org.gradle.api.internal.tasks.testing.testng.TestNGTestClassProcessor.stop(TestNGTestClassProcessor.java:90)
	at org.gradle.api.internal.tasks.testing.SuiteTestClassProcessor.stop(SuiteTestClassProcessor.java:61)
	at sun.reflect.NativeMethodAccessorImpl.invoke0(Native Method)
	at sun.reflect.NativeMethodAccessorImpl.invoke(NativeMethodAccessorImpl.java:62)
	at sun.reflect.DelegatingMethodAccessorImpl.invoke(DelegatingMethodAccessorImpl.java:43)
	at java.lang.reflect.Method.invoke(Method.java:498)
	at org.gradle.internal.dispatch.ReflectionDispatch.dispatch(ReflectionDispatch.java:36)
	at org.gradle.internal.dispatch.ReflectionDispatch.dispatch(ReflectionDispatch.java:24)
	at org.gradle.internal.dispatch.ContextClassLoaderDispatch.dispatch(ContextClassLoaderDispatch.java:33)
	at org.gradle.internal.dispatch.ProxyDispatchAdapter$DispatchingInvocationHandler.invoke(ProxyDispatchAdapter.java:94)
	at com.sun.proxy.$Proxy2.stop(Unknown Source)
	at org.gradle.api.internal.tasks.testing.worker.TestWorker.stop(TestWorker.java:135)
	at sun.reflect.NativeMethodAccessorImpl.invoke0(Native Method)
	at sun.reflect.NativeMethodAccessorImpl.invoke(NativeMethodAccessorImpl.java:62)
	at sun.reflect.DelegatingMethodAccessorImpl.invoke(DelegatingMethodAccessorImpl.java:43)
	at java.lang.reflect.Method.invoke(Method.java:498)
	at org.gradle.internal.dispatch.ReflectionDispatch.dispatch(ReflectionDispatch.java:36)
	at org.gradle.internal.dispatch.ReflectionDispatch.dispatch(ReflectionDispatch.java:24)
	at org.gradle.internal.remote.internal.hub.MessageHubBackedObjectConnection$DispatchWrapper.dispatch(MessageHubBackedObjectConnection.java:182)
	at org.gradle.internal.remote.internal.hub.MessageHubBackedObjectConnection$DispatchWrapper.dispatch(MessageHubBackedObjectConnection.java:164)
	at org.gradle.internal.remote.internal.hub.MessageHub$Handler.run(MessageHub.java:414)
	at org.gradle.internal.concurrent.ExecutorPolicy$CatchAndRecordFailures.onExecute(ExecutorPolicy.java:64)
	at org.gradle.internal.concurrent.ManagedExecutorImpl$1.run(ManagedExecutorImpl.java:48)
	at java.util.concurrent.ThreadPoolExecutor.runWorker(ThreadPoolExecutor.java:1149)
	at java.util.concurrent.ThreadPoolExecutor$Worker.run(ThreadPoolExecutor.java:624)
	at org.gradle.internal.concurrent.ThreadFactoryImpl$ManagedThreadRunnable.run(ThreadFactoryImpl.java:56)
	at java.lang.Thread.run(Thread.java:748)
</failure>
  </testcase>
  <system-out><![CDATA[20:49:38  INFO  tests.TestBase - Start test --->addNewCarTestPositive
20:49:38  INFO  manager.MyListener - Start search element --->By.xpath: //a[text()=' Log in ']
20:49:38  INFO  manager.MyListener - The element --->By.xpath: //a[text()=' Log in '] was found
20:49:38  INFO  manager.MyListener - Start search element --->By.xpath: //a[text()=' Log in ']
20:49:38  INFO  manager.MyListener - The element --->By.xpath: //a[text()=' Log in '] was found
20:49:38  INFO  manager.MyListener - Start search element --->By.id: email
20:49:38  INFO  manager.MyListener - The element --->By.id: email was found
20:49:39  INFO  manager.MyListener - Start search element --->By.id: password
20:49:39  INFO  manager.MyListener - The element --->By.id: password was found
20:49:39  INFO  manager.MyListener - Start search element --->By.cssSelector: [type='submit']
20:49:39  INFO  manager.MyListener - The element --->By.cssSelector: [type='submit'] was found
20:49:39  INFO  manager.MyListener - Start search element --->By.xpath: //button[text()='Ok']
20:49:40  INFO  manager.MyListener - The element --->By.xpath: //button[text()='Ok'] was found
20:49:40  INFO  manager.MyListener - Start search element --->By.xpath: //button[text()='Ok']
20:49:40  INFO  manager.MyListener - The element --->By.xpath: //button[text()='Ok'] was found
20:49:41  INFO  manager.MyListener - Start search element --->By.id: 1
20:49:41  INFO  manager.MyListener - The element --->By.id: 1 was found
20:49:41  INFO  manager.MyListener - Start search element --->By.cssSelector: h2
20:49:42  INFO  manager.MyListener - The element --->By.cssSelector: h2 was found
20:49:42  INFO  manager.MyListener - Start search element --->By.id: pickUpPlace
20:49:42  INFO  manager.MyListener - The element --->By.id: pickUpPlace was found
20:49:42  INFO  manager.MyListener - Start search element --->By.cssSelector: div.pac-item
20:49:42  INFO  manager.MyListener - The element --->By.cssSelector: div.pac-item was found
20:49:43  INFO  manager.MyListener - Start search element --->By.id: make
20:49:43  INFO  manager.MyListener - The element --->By.id: make was found
20:49:43  INFO  manager.MyListener - Start search element --->By.id: model
20:49:43  INFO  manager.MyListener - The element --->By.id: model was found
20:49:43  INFO  manager.MyListener - Start search element --->By.id: year
20:49:44  INFO  manager.MyListener - The element --->By.id: year was found
20:49:44  INFO  manager.MyListener - Start search element --->By.id: engine
20:49:44  INFO  manager.MyListener - The element --->By.id: engine was found
20:49:44  INFO  manager.MyListener - Start search element --->By.id: fuel
20:49:44  INFO  manager.MyListener - The element --->By.id: fuel was found
20:49:44  INFO  manager.MyListener - Start search element --->By.xpath: .//option[@value = "Petrol"]
20:49:44  INFO  manager.MyListener - The element --->By.xpath: .//option[@value = "Petrol"] was found
20:49:44  INFO  manager.MyListener - Start search element --->By.id: gear
20:49:44  INFO  manager.MyListener - The element --->By.id: gear was found
20:49:44  INFO  manager.MyListener - Start search element --->By.xpath: .//option[@value = "MT"]
20:49:44  INFO  manager.MyListener - The element --->By.xpath: .//option[@value = "MT"] was found
20:49:45  INFO  manager.MyListener - Start search element --->By.id: wheelsDrive
20:49:45  INFO  manager.MyListener - The element --->By.id: wheelsDrive was found
20:49:45  INFO  manager.MyListener - Start search element --->By.xpath: .//option[@value = "AWD"]
20:49:45  INFO  manager.MyListener - The element --->By.xpath: .//option[@value = "AWD"] was found
20:49:45  INFO  manager.MyListener - Start search element --->By.id: doors
20:49:45  INFO  manager.MyListener - The element --->By.id: doors was found
20:49:45  INFO  manager.MyListener - Start search element --->By.id: seats
20:49:45  INFO  manager.MyListener - The element --->By.id: seats was found
20:49:46  INFO  manager.MyListener - Start search element --->By.id: class
20:49:46  INFO  manager.MyListener - The element --->By.id: class was found
20:49:46  INFO  manager.MyListener - Start search element --->By.id: fuelConsumption
20:49:46  INFO  manager.MyListener - The element --->By.id: fuelConsumption was found
20:49:46  INFO  manager.MyListener - Start search element --->By.id: serialNumber
20:49:46  INFO  manager.MyListener - The element --->By.id: serialNumber was found
20:49:47  INFO  manager.MyListener - Start search element --->By.id: price
20:49:47  INFO  manager.MyListener - The element --->By.id: price was found
20:49:47  INFO  manager.MyListener - Start search element --->By.id: distance
20:49:47  INFO  manager.MyListener - The element --->By.id: distance was found
20:49:47  INFO  manager.MyListener - Start search element --->By.cssSelector: .feature-input
20:49:47  INFO  manager.MyListener - The element --->By.cssSelector: .feature-input was found
20:49:48  INFO  manager.MyListener - Start search element --->By.id: about
20:49:48  INFO  manager.MyListener - The element --->By.id: about was found
20:49:48  INFO  manager.MyListener - Start search element --->By.id: photos
20:49:48  INFO  manager.MyListener - The element --->By.id: photos was found
20:49:48  INFO  manager.MyListener - Start search element --->By.cssSelector: [type='submit']
20:49:48  INFO  manager.MyListener - The element --->By.cssSelector: [type='submit'] was found
20:49:50  INFO  manager.MyListener - Start search element --->By.className: dialog-container
20:49:51  INFO  manager.MyListener - The element --->By.className: dialog-container was found
20:49:51  INFO  manager.MyListener - Start search element --->By.cssSelector: .dialog-container h1
20:49:51  INFO  manager.MyListener - The element --->By.cssSelector: .dialog-container h1 was found
20:49:51  INFO  tests.TestBase - The end of test --->addNewCarTestPositive
20:49:51  INFO  tests.TestBase - Start test --->addNewCarTestPositive2
20:49:51  INFO  manager.MyListener - Start search element --->By.xpath: //a[text()=' Log in ']
20:49:59  INFO  manager.MyListener - The element --->By.xpath: //a[text()=' Log in '] was found
20:49:59  INFO  manager.MyListener - Start search element --->By.id: 1
20:49:59  INFO  manager.MyListener - The element --->By.id: 1 was found
20:50:07  INFO  manager.MyListener - We have a throwable --> org.openqa.selenium.ElementNotInteractableException: element not interactable
  (Session info: chrome=96.0.4664.55)
Build info: version: '3.141.59', revision: 'e82be7d358', time: '2018-11-14T08:17:03'
System info: host: 'MacBook-Pro-Taya.local', ip: 'fe80:0:0:0:c0e:d786:7250:7b3a%en0', os.name: 'Mac OS X', os.arch: 'x86_64', os.version: '10.16', java.version: '1.8.0_151'
Driver info: org.openqa.selenium.chrome.ChromeDriver
Capabilities {acceptInsecureCerts: false, browserName: chrome, browserVersion: 96.0.4664.55, chrome: {chromedriverVersion: 96.0.4664.45 (76e4c1bb2ab46..., userDataDir: /var/folders/s_/hl4vhy0959g...}, goog:chromeOptions: {debuggerAddress: localhost:61420}, javascriptEnabled: true, networkConnectionEnabled: false, pageLoadStrategy: normal, platform: MAC, platformName: MAC, proxy: Proxy(), setWindowRect: true, strictFileInteractability: false, timeouts: {implicit: 0, pageLoad: 300000, script: 30000}, unhandledPromptBehavior: dismiss and notify, webauthn:extension:credBlob: true, webauthn:extension:largeBlob: true, webauthn:virtualAuthenticators: true}
Session ID: 9289fa2a08b121d4ae5ef138c6dadf29
20:50:08  INFO  manager.MyListener - Screenshot with throwable -->src/test/screenshots/screenshot-3007.png
20:50:08  INFO  tests.TestBase - The end of test --->addNewCarTestPositive2
]]></system-out>
  <system-err><![CDATA[]]></system-err>
</testsuite>
